[Jan 12 2016 17:30:23] ERROR_HANDLER 
Number:  2
Message: chmod(): Operation not permitted
File:    /opt/lampp/htdocs/SC/wp-admin/includes/class-wp-filesystem-direct.php
Line:    160
-------------------------------------------- 
[Jan 12 2016 17:30:25] ERROR_HANDLER 
Number:  2
Message: chmod(): Operation not permitted
File:    /opt/lampp/htdocs/SC/wp-admin/includes/class-wp-filesystem-direct.php
Line:    160
-------------------------------------------- 
[Jan 12 2016 17:30:25] ERROR_HANDLER 
Number:  2
Message: chmod(): Operation not permitted
File:    /opt/lampp/htdocs/SC/wp-admin/includes/class-wp-filesystem-direct.php
Line:    160
-------------------------------------------- 
[Jan 12 2016 17:30:25] ERROR_HANDLER 
Number:  2
Message: chmod(): Operation not permitted
File:    /opt/lampp/htdocs/SC/wp-admin/includes/class-wp-filesystem-direct.php
Line:    160
-------------------------------------------- 
[Jan 12 2016 17:30:25] ERROR_HANDLER 
Number:  2
Message: chmod(): Operation not permitted
File:    /opt/lampp/htdocs/SC/wp-admin/includes/class-wp-filesystem-direct.php
Line:    160
-------------------------------------------- 
[Jan 12 2016 17:30:25] ERROR_HANDLER 
Number:  2
Message: chmod(): Operation not permitted
File:    /opt/lampp/htdocs/SC/wp-admin/includes/class-wp-filesystem-direct.php
Line:    160
-------------------------------------------- 
[Jan 12 2016 17:30:25] ERROR_HANDLER 
Number:  2
Message: chmod(): Operation not permitted
File:    /opt/lampp/htdocs/SC/wp-admin/includes/class-wp-filesystem-direct.php
Line:    160
-------------------------------------------- 
[Jan 12 2016 17:30:25] ERROR_HANDLER 
Number:  2
Message: chmod(): Operation not permitted
File:    /opt/lampp/htdocs/SC/wp-admin/includes/class-wp-filesystem-direct.php
Line:    160
-------------------------------------------- 
[Jan 12 2016 17:30:25] ERROR_HANDLER 
Number:  2
Message: chmod(): Operation not permitted
File:    /opt/lampp/htdocs/SC/wp-admin/includes/class-wp-filesystem-direct.php
Line:    160
-------------------------------------------- 
[Jan 12 2016 17:30:25] ERROR_HANDLER 
Number:  2
Message: chmod(): Operation not permitted
File:    /opt/lampp/htdocs/SC/wp-admin/includes/class-wp-filesystem-direct.php
Line:    160
-------------------------------------------- 
[Jan 12 2016 17:30:25] ERROR_HANDLER 
Number:  2
Message: chmod(): Operation not permitted
File:    /opt/lampp/htdocs/SC/wp-admin/includes/class-wp-filesystem-direct.php
Line:    160
-------------------------------------------- 
[Jan 12 2016 17:30:25] ERROR_HANDLER 
Number:  2
Message: chmod(): Operation not permitted
File:    /opt/lampp/htdocs/SC/wp-admin/includes/class-wp-filesystem-direct.php
Line:    160
-------------------------------------------- 
[Jan 12 2016 17:30:25] ERROR_HANDLER 
Number:  2
Message: chmod(): Operation not permitted
File:    /opt/lampp/htdocs/SC/wp-admin/includes/class-wp-filesystem-direct.php
Line:    160
-------------------------------------------- 
[Jan 12 2016 17:30:25] ERROR_HANDLER 
Number:  2
Message: chmod(): Operation not permitted
File:    /opt/lampp/htdocs/SC/wp-admin/includes/class-wp-filesystem-direct.php
Line:    160
-------------------------------------------- 
[Jan 12 2016 17:30:25] ERROR_HANDLER 
Number:  2
Message: chmod(): Operation not permitted
File:    /opt/lampp/htdocs/SC/wp-admin/includes/class-wp-filesystem-direct.php
Line:    160
-------------------------------------------- 
[Jan 12 2016 17:30:25] ERROR_HANDLER 
Number:  2
Message: chmod(): Operation not permitted
File:    /opt/lampp/htdocs/SC/wp-admin/includes/class-wp-filesystem-direct.php
Line:    160
-------------------------------------------- 
[Jan 12 2016 17:30:25] ERROR_HANDLER 
Number:  2
Message: chmod(): Operation not permitted
File:    /opt/lampp/htdocs/SC/wp-admin/includes/class-wp-filesystem-direct.php
Line:    160
-------------------------------------------- 
[Jan 12 2016 17:30:25] ERROR_HANDLER 
Number:  2
Message: chmod(): Operation not permitted
File:    /opt/lampp/htdocs/SC/wp-admin/includes/class-wp-filesystem-direct.php
Line:    160
-------------------------------------------- 
[Jan 12 2016 17:30:25] ERROR_HANDLER 
Number:  2
Message: chmod(): Operation not permitted
File:    /opt/lampp/htdocs/SC/wp-admin/includes/class-wp-filesystem-direct.php
Line:    160
-------------------------------------------- 
[Jan 12 2016 17:30:25] ERROR_HANDLER 
Number:  2
Message: chmod(): Operation not permitted
File:    /opt/lampp/htdocs/SC/wp-admin/includes/class-wp-filesystem-direct.php
Line:    160
-------------------------------------------- 
[Jan 12 2016 17:30:25] ERROR_HANDLER 
Number:  2
Message: chmod(): Operation not permitted
File:    /opt/lampp/htdocs/SC/wp-admin/includes/class-wp-filesystem-direct.php
Line:    160
-------------------------------------------- 
[Jan 12 2016 17:30:25] ERROR_HANDLER 
Number:  2
Message: chmod(): Operation not permitted
File:    /opt/lampp/htdocs/SC/wp-admin/includes/class-wp-filesystem-direct.php
Line:    160
-------------------------------------------- 
[Jan 12 2016 17:30:25] ERROR_HANDLER 
Number:  2
Message: chmod(): Operation not permitted
File:    /opt/lampp/htdocs/SC/wp-admin/includes/class-wp-filesystem-direct.php
Line:    160
-------------------------------------------- 
[Jan 12 2016 17:30:25] ERROR_HANDLER 
Number:  2
Message: chmod(): Operation not permitted
File:    /opt/lampp/htdocs/SC/wp-admin/includes/class-wp-filesystem-direct.php
Line:    160
-------------------------------------------- 
[Jan 12 2016 17:30:25] ERROR_HANDLER 
Number:  2
Message: chmod(): Operation not permitted
File:    /opt/lampp/htdocs/SC/wp-admin/includes/class-wp-filesystem-direct.php
Line:    160
-------------------------------------------- 
[Jan 12 2016 17:30:25] ERROR_HANDLER 
Number:  2
Message: chmod(): Operation not permitted
File:    /opt/lampp/htdocs/SC/wp-admin/includes/class-wp-filesystem-direct.php
Line:    160
-------------------------------------------- 
[Jan 12 2016 17:30:25] ERROR_HANDLER 
Number:  2
Message: chmod(): Operation not permitted
File:    /opt/lampp/htdocs/SC/wp-admin/includes/class-wp-filesystem-direct.php
Line:    160
-------------------------------------------- 
[Jan 12 2016 17:30:25] ERROR_HANDLER 
Number:  2
Message: chmod(): Operation not permitted
File:    /opt/lampp/htdocs/SC/wp-admin/includes/class-wp-filesystem-direct.php
Line:    160
-------------------------------------------- 
[Jan 12 2016 17:30:25] ERROR_HANDLER 
Number:  2
Message: chmod(): Operation not permitted
File:    /opt/lampp/htdocs/SC/wp-admin/includes/class-wp-filesystem-direct.php
Line:    160
-------------------------------------------- 
[Jan 12 2016 17:30:25] ERROR_HANDLER 
Number:  2
Message: chmod(): Operation not permitted
File:    /opt/lampp/htdocs/SC/wp-admin/includes/class-wp-filesystem-direct.php
Line:    160
-------------------------------------------- 
[Jan 12 2016 17:30:25] ERROR_HANDLER 
Number:  2
Message: chmod(): Operation not permitted
File:    /opt/lampp/htdocs/SC/wp-admin/includes/class-wp-filesystem-direct.php
Line:    160
-------------------------------------------- 
[Jan 12 2016 17:30:25] ERROR_HANDLER 
Number:  2
Message: chmod(): Operation not permitted
File:    /opt/lampp/htdocs/SC/wp-admin/includes/class-wp-filesystem-direct.php
Line:    160
-------------------------------------------- 
[Jan 12 2016 17:30:25] ERROR_HANDLER 
Number:  2
Message: chmod(): Operation not permitted
File:    /opt/lampp/htdocs/SC/wp-admin/includes/class-wp-filesystem-direct.php
Line:    160
-------------------------------------------- 
[Jan 12 2016 17:30:25] ERROR_HANDLER 
Number:  2
Message: chmod(): Operation not permitted
File:    /opt/lampp/htdocs/SC/wp-admin/includes/class-wp-filesystem-direct.php
Line:    160
-------------------------------------------- 
[Jan 12 2016 17:30:25] ERROR_HANDLER 
Number:  2
Message: chmod(): Operation not permitted
File:    /opt/lampp/htdocs/SC/wp-admin/includes/class-wp-filesystem-direct.php
Line:    160
-------------------------------------------- 
[Jan 12 2016 17:30:25] ERROR_HANDLER 
Number:  2
Message: chmod(): Operation not permitted
File:    /opt/lampp/htdocs/SC/wp-admin/includes/class-wp-filesystem-direct.php
Line:    160
-------------------------------------------- 
[Jan 12 2016 17:30:25] ERROR_HANDLER 
Number:  2
Message: chmod(): Operation not permitted
File:    /opt/lampp/htdocs/SC/wp-admin/includes/class-wp-filesystem-direct.php
Line:    160
-------------------------------------------- 
[Jan 12 2016 17:30:25] ERROR_HANDLER 
Number:  2
Message: chmod(): Operation not permitted
File:    /opt/lampp/htdocs/SC/wp-admin/includes/class-wp-filesystem-direct.php
Line:    160
-------------------------------------------- 
[Jan 12 2016 17:30:25] ERROR_HANDLER 
Number:  2
Message: chmod(): Operation not permitted
File:    /opt/lampp/htdocs/SC/wp-admin/includes/class-wp-filesystem-direct.php
Line:    160
-------------------------------------------- 
[Jan 12 2016 17:30:25] ERROR_HANDLER 
Number:  2
Message: chmod(): Operation not permitted
File:    /opt/lampp/htdocs/SC/wp-admin/includes/class-wp-filesystem-direct.php
Line:    160
-------------------------------------------- 
[Jan 12 2016 17:30:25] ERROR_HANDLER 
Number:  2
Message: chmod(): Operation not permitted
File:    /opt/lampp/htdocs/SC/wp-admin/includes/class-wp-filesystem-direct.php
Line:    160
-------------------------------------------- 
[Jan 12 2016 17:30:25] ERROR_HANDLER 
Number:  2
Message: chmod(): Operation not permitted
File:    /opt/lampp/htdocs/SC/wp-admin/includes/class-wp-filesystem-direct.php
Line:    160
-------------------------------------------- 
[Jan 12 2016 17:30:25] ERROR_HANDLER 
Number:  2
Message: chmod(): Operation not permitted
File:    /opt/lampp/htdocs/SC/wp-admin/includes/class-wp-filesystem-direct.php
Line:    160
-------------------------------------------- 
[Jan 12 2016 17:30:25] ERROR_HANDLER 
Number:  2
Message: chmod(): Operation not permitted
File:    /opt/lampp/htdocs/SC/wp-admin/includes/class-wp-filesystem-direct.php
Line:    160
-------------------------------------------- 
[Jan 12 2016 17:30:25] ERROR_HANDLER 
Number:  2
Message: chmod(): Operation not permitted
File:    /opt/lampp/htdocs/SC/wp-admin/includes/class-wp-filesystem-direct.php
Line:    160
-------------------------------------------- 
[Jan 12 2016 17:30:25] ERROR_HANDLER 
Number:  2
Message: chmod(): Operation not permitted
File:    /opt/lampp/htdocs/SC/wp-admin/includes/class-wp-filesystem-direct.php
Line:    160
-------------------------------------------- 
[Jan 12 2016 17:30:25] ERROR_HANDLER 
Number:  2
Message: chmod(): Operation not permitted
File:    /opt/lampp/htdocs/SC/wp-admin/includes/class-wp-filesystem-direct.php
Line:    160
-------------------------------------------- 
[Jan 12 2016 17:30:25] ERROR_HANDLER 
Number:  2
Message: chmod(): Operation not permitted
File:    /opt/lampp/htdocs/SC/wp-admin/includes/class-wp-filesystem-direct.php
Line:    160
-------------------------------------------- 
[Jan 12 2016 17:30:25] ERROR_HANDLER 
Number:  2
Message: chmod(): Operation not permitted
File:    /opt/lampp/htdocs/SC/wp-admin/includes/class-wp-filesystem-direct.php
Line:    160
-------------------------------------------- 
[Jan 12 2016 17:30:25] ERROR_HANDLER 
Number:  2
Message: chmod(): Operation not permitted
File:    /opt/lampp/htdocs/SC/wp-admin/includes/class-wp-filesystem-direct.php
Line:    160
-------------------------------------------- 
[Jan 12 2016 17:30:25] ERROR_HANDLER 
Number:  2
Message: chmod(): Operation not permitted
File:    /opt/lampp/htdocs/SC/wp-admin/includes/class-wp-filesystem-direct.php
Line:    160
-------------------------------------------- 
[Jan 12 2016 17:30:25] ERROR_HANDLER 
Number:  2
Message: chmod(): Operation not permitted
File:    /opt/lampp/htdocs/SC/wp-admin/includes/class-wp-filesystem-direct.php
Line:    160
-------------------------------------------- 
[Jan 12 2016 17:30:25] ERROR_HANDLER 
Number:  2
Message: chmod(): Operation not permitted
File:    /opt/lampp/htdocs/SC/wp-admin/includes/class-wp-filesystem-direct.php
Line:    160
-------------------------------------------- 
[Jan 12 2016 17:30:25] ERROR_HANDLER 
Number:  2
Message: chmod(): Operation not permitted
File:    /opt/lampp/htdocs/SC/wp-admin/includes/class-wp-filesystem-direct.php
Line:    160
-------------------------------------------- 
[Jan 12 2016 17:30:25] ERROR_HANDLER 
Number:  2
Message: chmod(): Operation not permitted
File:    /opt/lampp/htdocs/SC/wp-admin/includes/class-wp-filesystem-direct.php
Line:    160
-------------------------------------------- 
[Jan 12 2016 17:30:25] ERROR_HANDLER 
Number:  2
Message: chmod(): Operation not permitted
File:    /opt/lampp/htdocs/SC/wp-admin/includes/class-wp-filesystem-direct.php
Line:    160
-------------------------------------------- 
[Jan 12 2016 17:30:25] ERROR_HANDLER 
Number:  2
Message: chmod(): Operation not permitted
File:    /opt/lampp/htdocs/SC/wp-admin/includes/class-wp-filesystem-direct.php
Line:    160
-------------------------------------------- 
[Jan 12 2016 17:30:25] ERROR_HANDLER 
Number:  2
Message: chmod(): Operation not permitted
File:    /opt/lampp/htdocs/SC/wp-admin/includes/class-wp-filesystem-direct.php
Line:    160
-------------------------------------------- 
[Jan 12 2016 17:30:25] ERROR_HANDLER 
Number:  2
Message: chmod(): Operation not permitted
File:    /opt/lampp/htdocs/SC/wp-admin/includes/class-wp-filesystem-direct.php
Line:    160
-------------------------------------------- 
[Jan 12 2016 17:30:25] ERROR_HANDLER 
Number:  2
Message: chmod(): Operation not permitted
File:    /opt/lampp/htdocs/SC/wp-admin/includes/class-wp-filesystem-direct.php
Line:    160
-------------------------------------------- 
[Jan 12 2016 17:30:25] ERROR_HANDLER 
Number:  2
Message: chmod(): Operation not permitted
File:    /opt/lampp/htdocs/SC/wp-admin/includes/class-wp-filesystem-direct.php
Line:    160
-------------------------------------------- 
[Jan 12 2016 17:30:25] ERROR_HANDLER 
Number:  2
Message: chmod(): Operation not permitted
File:    /opt/lampp/htdocs/SC/wp-admin/includes/class-wp-filesystem-direct.php
Line:    160
-------------------------------------------- 
